parent sitrep:        aaaaaaaa-aaaa-aaaa-aaaa-aaaaaaaaaaaa
inventory collection: bbbbbbbb-bbbb-bbbb-bbbb-bbbbbbbbbbbb
 --> different from parent sitrep (collection cccccccc-cccc-cccc-cccc-cccccccccccc)
total known ereport restart IDs: 420

new ereports (2 total):
  * ereport dddddddd-dddd-dddd-dddd-dddddddddddd:3
  * ereport dddddddd-dddd-dddd-dddd-dddddddddddd:4

cases (3 total):
  open cases (1 total):
    * case 11111111-1111-1111-1111-111111111111
      // PSU 0 faulted
      diagnosis engine: power_shelf
      opened in sitrep: 22222222-2222-2222-2222-222222222222
  closed cases copied forwards (2 total):
    * case 33333333-3333-3333-3333-333333333333
      // PSU 1 replaced
      diagnosis engine: power_shelf
      opened in sitrep: 44444444-4444-4444-4444-444444444444
      closed in sitrep: 55555555-5555-5555-5555-555555555555
      copied forwards due to:
        ereports not yet marked seen:
          * ereport dddddddd-dddd-dddd-dddd-dddddddddddd:2
        alert requests not yet satisfied:
          * alert 66666666-6666-6666-6666-666666666666
        support bundle requests not yet satisfied:
          * support bundle 88888888-8888-8888-8888-888888888888
    * case 77777777-7777-7777-7777-777777777777
      // PSU 2 replaced
      diagnosis engine: power_shelf
      opened in sitrep: 44444444-4444-4444-4444-444444444444
      closed in sitrep: 55555555-5555-5555-5555-555555555555
      /!\ WEIRD: this case has no recorded reason for being copied forwards!

in-service control plane disks (2 total):
  * disk 11111111-1111-1111-1111-111111111111
  * disk 22222222-2222-2222-2222-222222222222

non-terminal sagas observed (2 total):
  * saga 5a9a0001-5a9a-45a9-85a9-5a9a5a9a5a9a (fake-saga):
    state: Unwinding
    last event: 1970-01-01 00:00:00 UTC
    owner: Quiesced
  * saga 5a9a0002-5a9a-45a9-85a9-5a9a5a9a5a9a (another-fake-saga):
    state: Abandoned at 1970-01-01 00:00:00 UTC (Unrecoverable: fake recovery error)
    last event: <none recorded>
    owner: <no current SEC>
